<?xml version="1.0" encoding="UTF-8"?>
<!-- Generated by org.testng.reporters.JUnitXMLReporter -->
<testsuite ignored="4" hostname="LTIN520434" failures="0" tests="33" name="chromeTest" time="56.532" errors="0" timestamp="2025-04-02T11:06:28 IST">
  <testcase classname="testCases.TC_001_Carloan" name="clickcarLoan" time="1.709"/>
  <testcase classname="testCases.TC_001_Carloan" name="CarLoanAmount" time="0.498"/>
  <testcase classname="testCases.TC_001_Carloan" name="validateCarLoanAmount" time="0.007"/>
  <testcase classname="testCases.TC_001_Carloan" name="InterestRate" time="0.654"/>
  <testcase classname="testCases.TC_001_Carloan" name="validateInterestRate" time="0.002"/>
  <testcase classname="testCases.TC_001_Carloan" name="LoanTenure" time="0.21"/>
  <testcase classname="testCases.TC_001_Carloan" name="validateLoanTenure" time="0.002"/>
  <testcase classname="testCases.TC_001_Carloan" name="clickEmiArrears" time="0.117"/>
  <testcase classname="testCases.TC_001_Carloan" name="scrollDownArrearsCarLoanPage" time="0.034"/>
  <testcase classname="testCases.TC_001_Carloan" name="interestArrearsCarLoanPage" time="0.311"/>
  <testcase classname="testCases.TC_001_Carloan" name="principalAmountArrearsCarLoanPage" time="0.074"/>
  <testcase classname="testCases.TC_001_Carloan" name="scrollUpCarLoanPage" time="0.051"/>
  <testcase classname="testCases.TC_001_Carloan" name="clickEmiAdvance" time="0.2"/>
  <testcase classname="testCases.TC_001_Carloan" name="scrollDownAdvanceCarLoanPage" time="0.049"/>
  <testcase classname="testCases.TC_001_Carloan" name="interestAdvanceCarLoanPage" time="0.28"/>
  <testcase classname="testCases.TC_001_Carloan" name="principalAmountAdvanceCarLoanPage" time="0.046"/>
  <testcase classname="testCases.TC_001_Carloan" name="scrollUpPage" time="0.052"/>
  <testcase classname="testCases.TC_002_HomeLoan" name="clickHomeLoan" time="0.29"/>
  <testcase classname="testCases.TC_002_HomeLoan" name="setHomeLoanValues" time="11.098"/>
  <testcase classname="testCases.TC_002_HomeLoan" name="monthlyPaymentDisplayed" time="0.113"/>
  <testcase classname="testCases.TC_002_HomeLoan" name="totalPaymentDisplayed" time="0.111"/>
  <testcase classname="testCases.TC_002_HomeLoan" name="scrollHomeLoanPage" time="0.043"/>
  <testcase classname="testCases.TC_002_HomeLoan" name="handletableheader" time="2.984"/>
  <testcase classname="testCases.TC_002_HomeLoan" name="table" time="7.099"/>
  <testcase classname="testCases.TC_002_HomeLoan" name="pagetop" time="0.044"/>
  <testcase classname="testCases.TC_003_LoanCalculator" name="clickLoanCalculator" time="2.184"/>
  <testcase classname="testCases.TC_003_LoanCalculator" name="checkEmiUI" time="0.335"/>
  <testcase classname="testCases.TC_003_LoanCalculator" name="checkEmiscale" time="0.258"/>
  <testcase classname="testCases.TC_003_LoanCalculator" name="clickLoanAmountCalculator" time="0.15"/>
  <testcase classname="testCases.TC_003_LoanCalculator" name="checkLoanAmountCalculatorUI" time="0.214"/>
  <testcase classname="testCases.TC_003_LoanCalculator" name="checkLoanAmountscale" time="0.298"/>
  <testcase classname="testCases.TC_003_LoanCalculator" name="clickLoanTenureCalculator" time="0.113"/>
  <testcase classname="testCases.TC_003_LoanCalculator" name="checkLoanTenureCalculatorUI" time="0.19"/>
  <testcase classname="testBase.BaseClass" name="@AfterTest tearDown" time="0.0">
    <ignored/>
  </testcase> <!-- @AfterTest tearDown -->
  <testcase classname="testBase.BaseClass" name="@BeforeTest setup" time="0.0">
    <ignored/>
  </testcase> <!-- @BeforeTest setup -->
  <testcase classname="testBase.BaseClass" name="@AfterTest tearDown" time="0.0">
    <ignored/>
  </testcase> <!-- @AfterTest tearDown -->
  <testcase classname="testBase.BaseClass" name="@BeforeTest setup" time="0.0">
    <ignored/>
  </testcase> <!-- @BeforeTest setup -->
</testsuite> <!-- chromeTest -->
