<?xml version="1.0" encoding="UTF-8"?>
<!-- Generated by org.testng.reporters.JUnitXMLReporter -->
<testsuite ignored="4" hostname="LTIN520434" failures="0" tests="33" name="chromeTest" time="74.936" errors="0" timestamp="2024-02-28T16:45:29 IST">
  <testcase classname="testCases.TC_001_Carloan" name="clickcarLoan" time="0.662"/>
  <testcase classname="testCases.TC_001_Carloan" name="CarLoanAmount" time="0.254"/>
  <testcase classname="testCases.TC_001_Carloan" name="validateCarLoanAmount" time="0.005"/>
  <testcase classname="testCases.TC_001_Carloan" name="InterestRate" time="0.533"/>
  <testcase classname="testCases.TC_001_Carloan" name="validateInterestRate" time="0.001"/>
  <testcase classname="testCases.TC_001_Carloan" name="LoanTenure" time="0.146"/>
  <testcase classname="testCases.TC_001_Carloan" name="validateLoanTenure" time="0.002"/>
  <testcase classname="testCases.TC_001_Carloan" name="clickEmiArrears" time="0.054"/>
  <testcase classname="testCases.TC_001_Carloan" name="scrollDownArrearsCarLoanPage" time="0.026"/>
  <testcase classname="testCases.TC_001_Carloan" name="interestArrearsCarLoanPage" time="0.089"/>
  <testcase classname="testCases.TC_001_Carloan" name="principalAmountArrearsCarLoanPage" time="0.04"/>
  <testcase classname="testCases.TC_001_Carloan" name="scrollUpCarLoanPage" time="0.023"/>
  <testcase classname="testCases.TC_001_Carloan" name="clickEmiAdvance" time="0.045"/>
  <testcase classname="testCases.TC_001_Carloan" name="scrollDownAdvanceCarLoanPage" time="0.025"/>
  <testcase classname="testCases.TC_001_Carloan" name="interestAdvanceCarLoanPage" time="0.082"/>
  <testcase classname="testCases.TC_001_Carloan" name="principalAmountAdvanceCarLoanPage" time="0.032"/>
  <testcase classname="testCases.TC_001_Carloan" name="scrollUpPage" time="0.037"/>
  <testcase classname="testCases.TC_002_HomeLoan" name="clickHomeLoan" time="18.596"/>
  <testcase classname="testCases.TC_002_HomeLoan" name="setHomeLoanValues" time="1.632"/>
  <testcase classname="testCases.TC_002_HomeLoan" name="monthlyPaymentDisplayed" time="0.058"/>
  <testcase classname="testCases.TC_002_HomeLoan" name="totalPaymentDisplayed" time="0.063"/>
  <testcase classname="testCases.TC_002_HomeLoan" name="scrollHomeLoanPage" time="0.025"/>
  <testcase classname="testCases.TC_002_HomeLoan" name="handletableheader" time="1.043"/>
  <testcase classname="testCases.TC_002_HomeLoan" name="table" time="4.384"/>
  <testcase classname="testCases.TC_002_HomeLoan" name="pagetop" time="0.024"/>
  <testcase classname="testCases.TC_003_LoanCalculator" name="clickLoanCalculator" time="1.52"/>
  <testcase classname="testCases.TC_003_LoanCalculator" name="checkEmiUI" time="0.199"/>
  <testcase classname="testCases.TC_003_LoanCalculator" name="checkEmiscale" time="0.1"/>
  <testcase classname="testCases.TC_003_LoanCalculator" name="clickLoanAmountCalculator" time="0.045"/>
  <testcase classname="testCases.TC_003_LoanCalculator" name="checkLoanAmountCalculatorUI" time="0.16"/>
  <testcase classname="testCases.TC_003_LoanCalculator" name="checkLoanAmountscale" time="0.141"/>
  <testcase classname="testCases.TC_003_LoanCalculator" name="clickLoanTenureCalculator" time="0.044"/>
  <testcase classname="testCases.TC_003_LoanCalculator" name="checkLoanTenureCalculatorUI" time="0.145"/>
  <testcase classname="testBase.BaseClass" name="@AfterTest tearDown" time="0.0">
    <ignored/>
  </testcase> <!-- @AfterTest tearDown -->
  <testcase classname="testBase.BaseClass" name="@BeforeTest setup" time="0.0">
    <ignored/>
  </testcase> <!-- @BeforeTest setup -->
  <testcase classname="testBase.BaseClass" name="@AfterTest tearDown" time="0.0">
    <ignored/>
  </testcase> <!-- @AfterTest tearDown -->
  <testcase classname="testBase.BaseClass" name="@BeforeTest setup" time="0.0">
    <ignored/>
  </testcase> <!-- @BeforeTest setup -->
</testsuite> <!-- chromeTest -->
