<?xml version="1.0" encoding="UTF-8"?>
<testng-results ignored="0" total="33" passed="33" failed="0" skipped="0">
  <reporter-output>
  </reporter-output>
  <suite started-at="2024-02-28T16:44:14 IST" name="Suite" finished-at="2024-02-28T16:45:29 IST" duration-ms="74936">
    <groups>
    </groups>
    <test started-at="2024-02-28T16:44:14 IST" name="chromeTest" finished-at="2024-02-28T16:45:29 IST" duration-ms="74936">
      <class name="testCases.TC_001_Carloan">
        <test-method is-config="true" signature="setup(java.lang.String,java.lang.String)[pri:0, instance:testCases.TC_001_Carloan@4b2bac3f]" started-at="2024-02-28T16:44:14 IST" name="setup" finished-at="2024-02-28T16:44:52 IST" duration-ms="37700" status="PASS">
          <params>
            <param index="0">
              <value>
                <![CDATA[windows]]>
              </value>
            </param>
            <param index="1">
              <value>
                <![CDATA[chrome]]>
              </value>
            </param>
          </params>
          <reporter-output>
          </reporter-output>
        </test-method> <!-- setup -->
        <test-method signature="clickcarLoan()[pri:1, instance:testCases.TC_001_Carloan@4b2bac3f]" started-at="2024-02-28T16:44:52 IST" name="clickcarLoan" finished-at="2024-02-28T16:44:53 IST" duration-ms="662" status="PASS">
          <reporter-output>
          </reporter-output>
        </test-method> <!-- clickcarLoan -->
        <test-method signature="CarLoanAmount()[pri:2, instance:testCases.TC_001_Carloan@4b2bac3f]" started-at="2024-02-28T16:44:53 IST" name="CarLoanAmount" finished-at="2024-02-28T16:44:53 IST" depends-on-methods="testCases.TC_001_Carloan.clickcarLoan" duration-ms="254" status="PASS">
          <reporter-output>
          </reporter-output>
        </test-method> <!-- CarLoanAmount -->
        <test-method signature="validateCarLoanAmount()[pri:3, instance:testCases.TC_001_Carloan@4b2bac3f]" started-at="2024-02-28T16:44:53 IST" name="validateCarLoanAmount" finished-at="2024-02-28T16:44:53 IST" duration-ms="5" status="PASS">
          <reporter-output>
          </reporter-output>
        </test-method> <!-- validateCarLoanAmount -->
        <test-method signature="InterestRate()[pri:4, instance:testCases.TC_001_Carloan@4b2bac3f]" started-at="2024-02-28T16:44:53 IST" name="InterestRate" finished-at="2024-02-28T16:44:54 IST" duration-ms="533" status="PASS">
          <reporter-output>
          </reporter-output>
        </test-method> <!-- InterestRate -->
        <test-method signature="validateInterestRate()[pri:5, instance:testCases.TC_001_Carloan@4b2bac3f]" started-at="2024-02-28T16:44:54 IST" name="validateInterestRate" finished-at="2024-02-28T16:44:54 IST" duration-ms="1" status="PASS">
          <reporter-output>
          </reporter-output>
        </test-method> <!-- validateInterestRate -->
        <test-method signature="LoanTenure()[pri:6, instance:testCases.TC_001_Carloan@4b2bac3f]" started-at="2024-02-28T16:44:54 IST" name="LoanTenure" finished-at="2024-02-28T16:44:54 IST" duration-ms="146" status="PASS">
          <reporter-output>
          </reporter-output>
        </test-method> <!-- LoanTenure -->
        <test-method signature="validateLoanTenure()[pri:7, instance:testCases.TC_001_Carloan@4b2bac3f]" started-at="2024-02-28T16:44:55 IST" name="validateLoanTenure" finished-at="2024-02-28T16:44:55 IST" duration-ms="2" status="PASS">
          <reporter-output>
          </reporter-output>
        </test-method> <!-- validateLoanTenure -->
        <test-method signature="clickEmiArrears()[pri:8, instance:testCases.TC_001_Carloan@4b2bac3f]" started-at="2024-02-28T16:44:55 IST" name="clickEmiArrears" finished-at="2024-02-28T16:44:55 IST" depends-on-methods="testCases.TC_001_Carloan.LoanTenure" duration-ms="54" status="PASS">
          <reporter-output>
          </reporter-output>
        </test-method> <!-- clickEmiArrears -->
        <test-method signature="scrollDownArrearsCarLoanPage()[pri:9, instance:testCases.TC_001_Carloan@4b2bac3f]" started-at="2024-02-28T16:44:55 IST" name="scrollDownArrearsCarLoanPage" finished-at="2024-02-28T16:44:55 IST" duration-ms="26" status="PASS">
          <reporter-output>
          </reporter-output>
        </test-method> <!-- scrollDownArrearsCarLoanPage -->
        <test-method signature="interestArrearsCarLoanPage()[pri:10, instance:testCases.TC_001_Carloan@4b2bac3f]" started-at="2024-02-28T16:44:55 IST" name="interestArrearsCarLoanPage" finished-at="2024-02-28T16:44:55 IST" depends-on-methods="testCases.TC_001_Carloan.scrollDownArrearsCarLoanPage" duration-ms="89" status="PASS">
          <reporter-output>
          </reporter-output>
        </test-method> <!-- interestArrearsCarLoanPage -->
        <test-method signature="principalAmountArrearsCarLoanPage()[pri:11, instance:testCases.TC_001_Carloan@4b2bac3f]" started-at="2024-02-28T16:44:55 IST" name="principalAmountArrearsCarLoanPage" finished-at="2024-02-28T16:44:55 IST" depends-on-methods="testCases.TC_001_Carloan.scrollDownArrearsCarLoanPage" duration-ms="40" status="PASS">
          <reporter-output>
          </reporter-output>
        </test-method> <!-- principalAmountArrearsCarLoanPage -->
        <test-method signature="scrollUpCarLoanPage()[pri:12, instance:testCases.TC_001_Carloan@4b2bac3f]" started-at="2024-02-28T16:44:56 IST" name="scrollUpCarLoanPage" finished-at="2024-02-28T16:44:56 IST" duration-ms="23" status="PASS">
          <reporter-output>
          </reporter-output>
        </test-method> <!-- scrollUpCarLoanPage -->
        <test-method signature="clickEmiAdvance()[pri:13, instance:testCases.TC_001_Carloan@4b2bac3f]" started-at="2024-02-28T16:44:56 IST" name="clickEmiAdvance" finished-at="2024-02-28T16:44:56 IST" duration-ms="45" status="PASS">
          <reporter-output>
          </reporter-output>
        </test-method> <!-- clickEmiAdvance -->
        <test-method signature="scrollDownAdvanceCarLoanPage()[pri:14, instance:testCases.TC_001_Carloan@4b2bac3f]" started-at="2024-02-28T16:44:56 IST" name="scrollDownAdvanceCarLoanPage" finished-at="2024-02-28T16:44:56 IST" duration-ms="25" status="PASS">
          <reporter-output>
          </reporter-output>
        </test-method> <!-- scrollDownAdvanceCarLoanPage -->
        <test-method signature="interestAdvanceCarLoanPage()[pri:15, instance:testCases.TC_001_Carloan@4b2bac3f]" started-at="2024-02-28T16:44:56 IST" name="interestAdvanceCarLoanPage" finished-at="2024-02-28T16:44:56 IST" depends-on-methods="testCases.TC_001_Carloan.scrollDownAdvanceCarLoanPage" duration-ms="82" status="PASS">
          <reporter-output>
          </reporter-output>
        </test-method> <!-- interestAdvanceCarLoanPage -->
        <test-method signature="principalAmountAdvanceCarLoanPage()[pri:16, instance:testCases.TC_001_Carloan@4b2bac3f]" started-at="2024-02-28T16:44:56 IST" name="principalAmountAdvanceCarLoanPage" finished-at="2024-02-28T16:44:56 IST" depends-on-methods="testCases.TC_001_Carloan.scrollDownAdvanceCarLoanPage" duration-ms="32" status="PASS">
          <reporter-output>
          </reporter-output>
        </test-method> <!-- principalAmountAdvanceCarLoanPage -->
        <test-method signature="scrollUpPage()[pri:17, instance:testCases.TC_001_Carloan@4b2bac3f]" started-at="2024-02-28T16:44:57 IST" name="scrollUpPage" finished-at="2024-02-28T16:44:57 IST" duration-ms="37" status="PASS">
          <reporter-output>
          </reporter-output>
        </test-method> <!-- scrollUpPage -->
        <test-method is-config="true" signature="tearDown()[pri:0, instance:testCases.TC_001_Carloan@4b2bac3f]" started-at="2024-02-28T16:45:27 IST" name="tearDown" finished-at="2024-02-28T16:45:29 IST" duration-ms="1743" status="PASS">
          <reporter-output>
          </reporter-output>
        </test-method> <!-- tearDown -->
      </class> <!-- testCases.TC_001_Carloan -->
      <class name="testCases.TC_002_HomeLoan">
        <test-method signature="clickHomeLoan()[pri:18, instance:testCases.TC_002_HomeLoan@49438269]" started-at="2024-02-28T16:44:57 IST" name="clickHomeLoan" finished-at="2024-02-28T16:45:15 IST" duration-ms="18596" status="PASS">
          <reporter-output>
          </reporter-output>
        </test-method> <!-- clickHomeLoan -->
        <test-method signature="setHomeLoanValues()[pri:19, instance:testCases.TC_002_HomeLoan@49438269]" started-at="2024-02-28T16:45:16 IST" name="setHomeLoanValues" finished-at="2024-02-28T16:45:17 IST" duration-ms="1632" status="PASS">
          <reporter-output>
          </reporter-output>
        </test-method> <!-- setHomeLoanValues -->
        <test-method signature="monthlyPaymentDisplayed()[pri:20, instance:testCases.TC_002_HomeLoan@49438269]" started-at="2024-02-28T16:45:17 IST" name="monthlyPaymentDisplayed" finished-at="2024-02-28T16:45:17 IST" duration-ms="58" status="PASS">
          <reporter-output>
          </reporter-output>
        </test-method> <!-- monthlyPaymentDisplayed -->
        <test-method signature="totalPaymentDisplayed()[pri:21, instance:testCases.TC_002_HomeLoan@49438269]" started-at="2024-02-28T16:45:18 IST" name="totalPaymentDisplayed" finished-at="2024-02-28T16:45:18 IST" duration-ms="63" status="PASS">
          <reporter-output>
          </reporter-output>
        </test-method> <!-- totalPaymentDisplayed -->
        <test-method signature="scrollHomeLoanPage()[pri:22, instance:testCases.TC_002_HomeLoan@49438269]" started-at="2024-02-28T16:45:18 IST" name="scrollHomeLoanPage" finished-at="2024-02-28T16:45:18 IST" duration-ms="25" status="PASS">
          <reporter-output>
          </reporter-output>
        </test-method> <!-- scrollHomeLoanPage -->
        <test-method signature="handletableheader()[pri:23, instance:testCases.TC_002_HomeLoan@49438269]" started-at="2024-02-28T16:45:18 IST" name="handletableheader" finished-at="2024-02-28T16:45:19 IST" duration-ms="1043" status="PASS">
          <reporter-output>
          </reporter-output>
        </test-method> <!-- handletableheader -->
        <test-method signature="table()[pri:24, instance:testCases.TC_002_HomeLoan@49438269]" started-at="2024-02-28T16:45:19 IST" name="table" finished-at="2024-02-28T16:45:23 IST" duration-ms="4384" status="PASS">
          <reporter-output>
          </reporter-output>
        </test-method> <!-- table -->
        <test-method signature="pagetop()[pri:25, instance:testCases.TC_002_HomeLoan@49438269]" started-at="2024-02-28T16:45:24 IST" name="pagetop" finished-at="2024-02-28T16:45:24 IST" duration-ms="24" status="PASS">
          <reporter-output>
          </reporter-output>
        </test-method> <!-- pagetop -->
      </class> <!-- testCases.TC_002_HomeLoan -->
      <class name="testCases.TC_003_LoanCalculator">
        <test-method signature="clickLoanCalculator()[pri:26, instance:testCases.TC_003_LoanCalculator@ba2f4ec]" started-at="2024-02-28T16:45:24 IST" name="clickLoanCalculator" finished-at="2024-02-28T16:45:25 IST" duration-ms="1520" status="PASS">
          <reporter-output>
          </reporter-output>
        </test-method> <!-- clickLoanCalculator -->
        <test-method signature="checkEmiUI()[pri:27, instance:testCases.TC_003_LoanCalculator@ba2f4ec]" started-at="2024-02-28T16:45:25 IST" name="checkEmiUI" finished-at="2024-02-28T16:45:26 IST" duration-ms="199" status="PASS">
          <reporter-output>
          </reporter-output>
        </test-method> <!-- checkEmiUI -->
        <test-method signature="checkEmiscale()[pri:28, instance:testCases.TC_003_LoanCalculator@ba2f4ec]" started-at="2024-02-28T16:45:26 IST" name="checkEmiscale" finished-at="2024-02-28T16:45:26 IST" duration-ms="100" status="PASS">
          <reporter-output>
          </reporter-output>
        </test-method> <!-- checkEmiscale -->
        <test-method signature="clickLoanAmountCalculator()[pri:29, instance:testCases.TC_003_LoanCalculator@ba2f4ec]" started-at="2024-02-28T16:45:26 IST" name="clickLoanAmountCalculator" finished-at="2024-02-28T16:45:26 IST" duration-ms="45" status="PASS">
          <reporter-output>
          </reporter-output>
        </test-method> <!-- clickLoanAmountCalculator -->
        <test-method signature="checkLoanAmountCalculatorUI()[pri:30, instance:testCases.TC_003_LoanCalculator@ba2f4ec]" started-at="2024-02-28T16:45:26 IST" name="checkLoanAmountCalculatorUI" finished-at="2024-02-28T16:45:26 IST" duration-ms="160" status="PASS">
          <reporter-output>
          </reporter-output>
        </test-method> <!-- checkLoanAmountCalculatorUI -->
        <test-method signature="checkLoanAmountscale()[pri:31, instance:testCases.TC_003_LoanCalculator@ba2f4ec]" started-at="2024-02-28T16:45:26 IST" name="checkLoanAmountscale" finished-at="2024-02-28T16:45:27 IST" duration-ms="141" status="PASS">
          <reporter-output>
          </reporter-output>
        </test-method> <!-- checkLoanAmountscale -->
        <test-method signature="clickLoanTenureCalculator()[pri:32, instance:testCases.TC_003_LoanCalculator@ba2f4ec]" started-at="2024-02-28T16:45:27 IST" name="clickLoanTenureCalculator" finished-at="2024-02-28T16:45:27 IST" duration-ms="44" status="PASS">
          <reporter-output>
          </reporter-output>
        </test-method> <!-- clickLoanTenureCalculator -->
        <test-method signature="checkLoanTenureCalculatorUI()[pri:33, instance:testCases.TC_003_LoanCalculator@ba2f4ec]" started-at="2024-02-28T16:45:27 IST" name="checkLoanTenureCalculatorUI" finished-at="2024-02-28T16:45:27 IST" duration-ms="145" status="PASS">
          <reporter-output>
          </reporter-output>
        </test-method> <!-- checkLoanTenureCalculatorUI -->
      </class> <!-- testCases.TC_003_LoanCalculator -->
    </test> <!-- chromeTest -->
  </suite> <!-- Suite -->
</testng-results>
