<?xml version="1.0" encoding="UTF-8"?>
<!-- Generated by org.testng.reporters.JUnitReportReporter -->
<testsuite hostname="LTIN520434" failures="0" tests="8" name="testCases.TC_003_LoanCalculator" time="3.742" errors="0" timestamp="2025-04-02T11:06:29 IST" skipped="0">
  <testcase classname="testCases.TC_003_LoanCalculator" name="clickLoanCalculator" time="2.184"/>
  <testcase classname="testCases.TC_003_LoanCalculator" name="checkEmiUI" time="0.335"/>
  <testcase classname="testCases.TC_003_LoanCalculator" name="checkEmiscale" time="0.258"/>
  <testcase classname="testCases.TC_003_LoanCalculator" name="clickLoanAmountCalculator" time="0.150"/>
  <testcase classname="testCases.TC_003_LoanCalculator" name="checkLoanAmountCalculatorUI" time="0.214"/>
  <testcase classname="testCases.TC_003_LoanCalculator" name="checkLoanAmountscale" time="0.298"/>
  <testcase classname="testCases.TC_003_LoanCalculator" name="clickLoanTenureCalculator" time="0.113"/>
  <testcase classname="testCases.TC_003_LoanCalculator" name="checkLoanTenureCalculatorUI" time="0.190"/>
</testsuite> <!-- testCases.TC_003_LoanCalculator -->
