<?xml version="1.0" encoding="UTF-8"?>
<!-- Generated by org.testng.reporters.JUnitReportReporter -->
<testsuite hostname="LTIN520434" failures="0" tests="17" name="testCases.TC_001_Carloan" time="4.296" errors="0" timestamp="2025-04-02T11:06:29 IST" skipped="0">
  <testcase classname="testCases.TC_001_Carloan" name="clickcarLoan" time="1.709"/>
  <testcase classname="testCases.TC_001_Carloan" name="CarLoanAmount" time="0.498"/>
  <testcase classname="testCases.TC_001_Carloan" name="validateCarLoanAmount" time="0.007"/>
  <testcase classname="testCases.TC_001_Carloan" name="InterestRate" time="0.654"/>
  <testcase classname="testCases.TC_001_Carloan" name="validateInterestRate" time="0.002"/>
  <testcase classname="testCases.TC_001_Carloan" name="LoanTenure" time="0.210"/>
  <testcase classname="testCases.TC_001_Carloan" name="validateLoanTenure" time="0.002"/>
  <testcase classname="testCases.TC_001_Carloan" name="clickEmiArrears" time="0.117"/>
  <testcase classname="testCases.TC_001_Carloan" name="scrollDownArrearsCarLoanPage" time="0.034"/>
  <testcase classname="testCases.TC_001_Carloan" name="interestArrearsCarLoanPage" time="0.311"/>
  <testcase classname="testCases.TC_001_Carloan" name="principalAmountArrearsCarLoanPage" time="0.074"/>
  <testcase classname="testCases.TC_001_Carloan" name="scrollUpCarLoanPage" time="0.051"/>
  <testcase classname="testCases.TC_001_Carloan" name="clickEmiAdvance" time="0.200"/>
  <testcase classname="testCases.TC_001_Carloan" name="scrollDownAdvanceCarLoanPage" time="0.049"/>
  <testcase classname="testCases.TC_001_Carloan" name="interestAdvanceCarLoanPage" time="0.280"/>
  <testcase classname="testCases.TC_001_Carloan" name="principalAmountAdvanceCarLoanPage" time="0.046"/>
  <testcase classname="testCases.TC_001_Carloan" name="scrollUpPage" time="0.052"/>
</testsuite> <!-- testCases.TC_001_Carloan -->
